<?xml version="1.0" encoding="UTF-8"?>
<!-- Generated by org.testng.reporters.JUnitXMLReporter -->
<testsuite hostname="Sudhakar" ignored="0" name="Test" tests="12" failures="2" timestamp="2020-07-24T09:18:23 IST" time="0.288" errors="0">
  <testcase name="test1" time="0.017" classname="com.testng.Sample"/>
  <testcase name="test2" time="0.01" classname="com.testng.Sample">
    <skipped/>
  </testcase> <!-- test2 -->
  <testcase name="test2" time="0.005" classname="com.testng.Sample">
    <skipped/>
  </testcase> <!-- test2 -->
  <testcase name="test2" time="0.003" classname="com.testng.Sample">
    <skipped/>
  </testcase> <!-- test2 -->
  <testcase name="test2" time="0.003" classname="com.testng.Sample">
    <skipped/>
  </testcase> <!-- test2 -->
  <testcase name="test2" time="0.004" classname="com.testng.Sample">
    <failure type="java.lang.AssertionError" message="expected [true] but found [false]">
      <![CDATA[java.lang.AssertionError: expected [true] but found [false]
at com.testng.Sample.test2(Sample.java:19)
at java.util.ArrayList.forEach(Unknown Source)
... Removed 31 stack frames]]>
    </failure>
  </testcase> <!-- test2 -->
  <testcase name="test3" time="0.006" classname="com.testng.Sample"/>
  <testcase name="test4" time="0.018" classname="com.testng.Sample">
    <skipped/>
  </testcase> <!-- test4 -->
  <testcase name="test4" time="0.007" classname="com.testng.Sample">
    <skipped/>
  </testcase> <!-- test4 -->
  <testcase name="test4" time="0.005" classname="com.testng.Sample">
    <skipped/>
  </testcase> <!-- test4 -->
  <testcase name="test4" time="0.003" classname="com.testng.Sample">
    <skipped/>
  </testcase> <!-- test4 -->
  <testcase name="test4" time="0.007" classname="com.testng.Sample">
    <failure type="java.lang.AssertionError" message="expected [true] but found [false]">
      <![CDATA[java.lang.AssertionError: expected [true] but found [false]
at com.testng.Sample.test4(Sample.java:27)
at java.util.ArrayList.forEach(Unknown Source)
... Removed 31 stack frames]]>
    </failure>
  </testcase> <!-- test4 -->
</testsuite> <!-- Test -->
